<?xml version="1.0" encoding="UTF-8"?>
<testng-results ignored="0" total="1" passed="1" failed="0" skipped="0">
  <reporter-output>
  </reporter-output>
  <suite started-at="2023-05-02T16:40:40 IST" name="Default suite" finished-at="2023-05-02T16:40:42 IST" duration-ms="1917">
    <groups>
    </groups>
    <test started-at="2023-05-02T16:40:40 IST" name="Default test" finished-at="2023-05-02T16:40:42 IST" duration-ms="1917">
      <class name="com.org.lao.auth.BearerToken">
        <test-method signature="bearerToken()[pri:0, instance:com.org.lao.auth.BearerToken@3b0fe47a]" started-at="2023-05-02T16:40:40 IST" name="bearerToken" finished-at="2023-05-02T16:40:42 IST" duration-ms="1889" status="PASS">
          <reporter-output>
          </reporter-output>
        </test-method> <!-- bearerToken -->
      </class> <!-- com.org.lao.auth.BearerToken -->
    </test> <!-- Default test -->
  </suite> <!-- Default suite -->
</testng-results>
